<?xml version="1.0" encoding="UTF-8"?>
<!-- Generated by org.testng.reporters.JUnitReportReporter -->
<testsuite name="TestRunner.RunTest" tests="1" time="18.980" ignored="0" failures="0" timestamp="02 Sep 2019 09:17:13 GMT" skipped="0" hostname="dv17vn2" errors="0">
  <testcase name="feature" time="18.980" classname="TestRunner.RunTest"/>
</testsuite> <!-- TestRunner.RunTest -->
